2021-01-24 12:27:12.414 | DEBUG    | __main__:log_init:50 - logger initialized
2021-01-24 12:27:40.979 | INFO     | __main__:decode:171 - [31m[RECEIVE]: [0m[36mäºŒå‰æ ‘å’Œç¨‹åºè®¾è®¡æ˜¯ä»€ä¹ˆï¼Ÿ[0m
2021-01-24 12:27:41.056 | INFO     | __main__:decode:173 - [32m[SEND]: [0m[36m{
    "text": "äºŒå‰æ ‘å’Œç¨‹åºè®¾è®¡æ˜¯ä»€ä¹ˆï¼Ÿ",
    "predicate": "concept",
    "subject": [
        [
            "title",
            "äºŒå‰æ ‘å’Œç¨‹åºè®¾è®¡"
        ]
    ]
}[0m
2021-01-24 12:28:20.905 | INFO     | __main__:decode:171 - [31m[RECEIVE]: [0m[36mkmp'[0m
2021-01-24 12:28:20.986 | INFO     | __main__:decode:173 - [32m[SEND]: [0m[36m{
    "text": "kmp'",
    "predicate": "concept",
    "subject": []
}[0m
2021-01-24 12:30:37.497 | INFO     | __main__:decode:171 - [31m[RECEIVE]: [0m[36mkmp'[0m
2021-01-24 12:30:37.575 | INFO     | __main__:decode:173 - [32m[SEND]: [0m[36m{
    "text": "kmp'",
    "predicate": "concept",
    "subject": []
}[0m
2021-01-24 12:30:49.084 | INFO     | __main__:decode:171 - [31m[RECEIVE]: [0m[36mkmpç®—æ³•[0m
2021-01-24 12:30:49.166 | INFO     | __main__:decode:173 - [32m[SEND]: [0m[36m{
    "text": "kmpç®—æ³•",
    "predicate": "concept",
    "subject": [
        [
            "title",
            "kmp"
        ]
    ]
}[0m
2021-01-24 12:30:54.962 | INFO     | __main__:decode:171 - [31m[RECEIVE]: [0m[36mkmp[0m
2021-01-24 12:30:55.052 | INFO     | __main__:decode:173 - [32m[SEND]: [0m[36m{
    "text": "kmp",
    "predicate": "concept",
    "subject": [
        [
            "title",
            "k"
        ]
    ]
}[0m
2021-01-24 12:30:58.565 | INFO     | __main__:decode:171 - [31m[RECEIVE]: [0m[36mç®—æ³•æ˜¯ä»€ä¹ˆ[0m
2021-01-24 12:30:58.654 | INFO     | __main__:decode:173 - [32m[SEND]: [0m[36m{
    "text": "ç®—æ³•æ˜¯ä»€ä¹ˆ",
    "predicate": "concept",
    "subject": [
        [
            "title",
            "ç®—æ³•"
        ]
    ]
}[0m
2021-01-24 12:31:43.006 | INFO     | __main__:decode:171 - [31m[RECEIVE]: [0m[36mç®—æ³•æ˜¯ä»€ä¹ˆï¼Ÿ[0m
2021-01-24 12:31:43.085 | INFO     | __main__:decode:173 - [32m[SEND]: [0m[36m{
    "text": "ç®—æ³•æ˜¯ä»€ä¹ˆï¼Ÿ",
    "predicate": "concept",
    "subject": [
        [
            "title",
            "ç®—æ³•"
        ]
    ]
}[0m
2021-01-24 13:36:06.127 | INFO     | __main__:decode:171 - [31m[RECEIVE]: [0m[36m11[0m
2021-01-24 13:36:06.206 | INFO     | __main__:decode:173 - [32m[SEND]: [0m[36m{
    "text": "11",
    "predicate": "concept",
    "subject": []
}[0m
2021-01-24 13:36:32.021 | INFO     | __main__:decode:171 - [31m[RECEIVE]: [0m[36m2222[0m
2021-01-24 13:36:32.104 | INFO     | __main__:decode:173 - [32m[SEND]: [0m[36m{
    "text": "2222",
    "predicate": "concept",
    "subject": [
        [
            "title",
            "2"
        ]
    ]
}[0m
2021-01-24 13:37:24.047 | INFO     | __main__:decode:171 - [31m[RECEIVE]: [0m[36m111[0m
2021-01-24 13:37:24.132 | INFO     | __main__:decode:173 - [32m[SEND]: [0m[36m{
    "text": "111",
    "predicate": "concept",
    "subject": [
        [
            "title",
            "11"
        ]
    ]
}[0m
2021-01-24 13:37:28.906 | INFO     | __main__:decode:171 - [31m[RECEIVE]: [0m[36m111233[0m
2021-01-24 13:37:28.991 | INFO     | __main__:decode:173 - [32m[SEND]: [0m[36m{
    "text": "111233",
    "predicate": "concept",
    "subject": []
}[0m
2021-01-24 13:37:34.487 | INFO     | __main__:decode:171 - [31m[RECEIVE]: [0m[36mhello[0m
2021-01-24 13:37:34.564 | INFO     | __main__:decode:173 - [32m[SEND]: [0m[36m{
    "text": "hello",
    "predicate": "reason",
    "subject": [
        [
            "title",
            "he"
        ]
    ]
}[0m
2021-01-24 13:37:37.893 | INFO     | __main__:decode:171 - [31m[RECEIVE]: [0m[36msvm[0m
2021-01-24 13:37:37.970 | INFO     | __main__:decode:173 - [32m[SEND]: [0m[36m{
    "text": "svm",
    "predicate": "concept",
    "subject": [
        [
            "title",
            "s"
        ]
    ]
}[0m
2021-01-24 13:37:42.770 | INFO     | __main__:decode:171 - [31m[RECEIVE]: [0m[36mæ•°æ®ç»“æ„[0m
2021-01-24 13:37:42.855 | INFO     | __main__:decode:173 - [32m[SEND]: [0m[36m{
    "text": "æ•°æ®ç»“æ„",
    "predicate": "concept",
    "subject": [
        [
            "title",
            "æ•°æ®ç»“"
        ]
    ]
}[0m
2021-01-24 13:37:45.899 | INFO     | __main__:decode:171 - [31m[RECEIVE]: [0m[36mç®—æ³•[0m
2021-01-24 13:37:45.985 | INFO     | __main__:decode:173 - [32m[SEND]: [0m[36m{
    "text": "ç®—æ³•",
    "predicate": "concept",
    "subject": [
        [
            "title",
            "ç®—"
        ]
    ]
}[0m
2021-01-24 13:37:52.556 | INFO     | __main__:decode:171 - [31m[RECEIVE]: [0m[36mä»€ä¹ˆæ˜¯äºŒå‰æ ‘[0m
2021-01-24 13:37:52.634 | INFO     | __main__:decode:173 - [32m[SEND]: [0m[36m{
    "text": "ä»€ä¹ˆæ˜¯äºŒå‰æ ‘",
    "predicate": "concept",
    "subject": [
        [
            "title",
            "äºŒå‰"
        ]
    ]
}[0m
2021-01-24 13:37:57.907 | INFO     | __main__:decode:171 - [31m[RECEIVE]: [0m[36mäºŒå‰æ ‘æ˜¯ä»€ä¹ˆï¼Ÿ[0m
2021-01-24 13:37:57.987 | INFO     | __main__:decode:173 - [32m[SEND]: [0m[36m{
    "text": "äºŒå‰æ ‘æ˜¯ä»€ä¹ˆï¼Ÿ",
    "predicate": "concept",
    "subject": [
        [
            "title",
            "äºŒå‰æ ‘"
        ]
    ]
}[0m
2021-01-24 13:38:06.686 | INFO     | __main__:decode:171 - [31m[RECEIVE]: [0m[36mæ€ä¹ˆå†™äºŒå‰æ ‘[0m
2021-01-24 13:38:06.770 | INFO     | __main__:decode:173 - [32m[SEND]: [0m[36m{
    "text": "æ€ä¹ˆå†™äºŒå‰æ ‘",
    "predicate": "codes",
    "subject": [
        [
            "title",
            "äºŒå‰"
        ]
    ]
}[0m
2021-01-24 13:38:13.658 | INFO     | __main__:decode:171 - [31m[RECEIVE]: [0m[36mä¸ºä»€ä¹ˆå†™äºŒå‰æ ‘ï¼Ÿ[0m
2021-01-24 13:38:13.744 | INFO     | __main__:decode:173 - [32m[SEND]: [0m[36m{
    "text": "ä¸ºä»€ä¹ˆå†™äºŒå‰æ ‘ï¼Ÿ",
    "predicate": "codes",
    "subject": [
        [
            "title",
            "äºŒå‰æ ‘"
        ]
    ]
}[0m
2021-01-24 13:38:26.412 | INFO     | __main__:decode:171 - [31m[RECEIVE]: [0m[36mä¸ºä»€ä¹ˆå¼•å…¥äºŒå‰æ ‘[0m
2021-01-24 13:38:26.498 | INFO     | __main__:decode:173 - [32m[SEND]: [0m[36m{
    "text": "ä¸ºä»€ä¹ˆå¼•å…¥äºŒå‰æ ‘",
    "predicate": "reason",
    "subject": [
        [
            "title",
            "äºŒå‰"
        ]
    ]
}[0m
2021-01-24 13:38:37.900 | INFO     | __main__:decode:171 - [31m[RECEIVE]: [0m[36mä¸ºä»€ä¹ˆå¼•å…¥äºŒå‰æ ‘ï¼Ÿ[0m
2021-01-24 13:38:37.980 | INFO     | __main__:decode:173 - [32m[SEND]: [0m[36m{
    "text": "ä¸ºä»€ä¹ˆå¼•å…¥äºŒå‰æ ‘ï¼Ÿ",
    "predicate": "reason",
    "subject": [
        [
            "title",
            "äºŒå‰æ ‘"
        ]
    ]
}[0m
2021-01-24 13:39:13.465 | INFO     | __main__:decode:171 - [31m[RECEIVE]: [0m[36mä¸ºä»€ä¹ˆå¼•å…¥äºŒå‰æ ‘å’Œå›¾è®ºï¼Ÿ[0m
2021-01-24 13:39:13.548 | INFO     | __main__:decode:173 - [32m[SEND]: [0m[36m{
    "text": "ä¸ºä»€ä¹ˆå¼•å…¥äºŒå‰æ ‘å’Œå›¾è®ºï¼Ÿ",
    "predicate": "reason",
    "subject": [
        [
            "title",
            "äºŒå‰æ ‘å’Œå›¾è®º"
        ]
    ]
}[0m
2021-01-24 13:40:18.422 | INFO     | __main__:decode:171 - [31m[RECEIVE]: [0m[36mäºŒå‰æ ‘å’Œå’Œå’Œå’Œå’Œå’Œå’Œå›¾è®ºæœ‰ä»€ä¹ˆå…³ç³»ï¼Ÿ[0m
2021-01-24 13:40:18.511 | INFO     | __main__:decode:173 - [32m[SEND]: [0m[36m{
    "text": "äºŒå‰æ ‘å’Œå’Œå’Œå’Œå’Œå’Œå’Œå›¾è®ºæœ‰ä»€ä¹ˆ",
    "predicate": "reason",
    "subject": [
        [
            "title",
            "äºŒå‰æ ‘å’Œå’Œå’Œå’Œå’Œå’Œå’Œ"
        ]
    ]
}[0m
2021-01-24 13:40:41.765 | INFO     | __main__:decode:171 - [31m[RECEIVE]: [0m[36mäºŒå‰æ ‘ã€çº¿æ€§è¡¨ï¼Ÿ[0m
2021-01-24 13:40:41.847 | INFO     | __main__:decode:173 - [32m[SEND]: [0m[36m{
    "text": "äºŒå‰æ ‘ã€çº¿æ€§è¡¨ï¼Ÿ",
    "predicate": "concept",
    "subject": [
        [
            "title",
            "äºŒå‰æ ‘ã€çº¿æ€§"
        ]
    ]
}[0m
2021-01-24 13:40:57.934 | INFO     | __main__:decode:171 - [31m[RECEIVE]: [0m[36mæ€ä¹ˆå®ç°çº¿æ€§è¡¨ï¼Ÿ[0m
2021-01-24 13:40:58.124 | INFO     | __main__:decode:173 - [32m[SEND]: [0m[36m{
    "text": "æ€ä¹ˆå®ç°çº¿æ€§è¡¨ï¼Ÿ",
    "predicate": "codes",
    "subject": [
        [
            "title",
            "çº¿æ€§è¡¨"
        ]
    ]
}[0m
2021-01-24 13:44:39.737 | INFO     | __main__:decode:171 - [31m[RECEIVE]: [0m[36mä»€ä¹ˆæ˜¯äºŒå‰æ ‘ï¼Ÿ[0m
2021-01-24 13:44:39.813 | INFO     | __main__:decode:173 - [32m[SEND]: [0m[36m{
    "text": "ä»€ä¹ˆæ˜¯äºŒå‰æ ‘ï¼Ÿ",
    "predicate": "concept",
    "subject": [
        [
            "title",
            "äºŒ"
        ]
    ]
}[0m
2021-01-24 13:44:50.778 | INFO     | __main__:decode:171 - [31m[RECEIVE]: [0m[36mä»€ä¹ˆæ˜¯äºŒå‰æ ‘å‘¢ï¼Ÿ[0m
2021-01-24 13:44:50.865 | INFO     | __main__:decode:173 - [32m[SEND]: [0m[36m{
    "text": "ä»€ä¹ˆæ˜¯äºŒå‰æ ‘å‘¢ï¼Ÿ",
    "predicate": "concept",
    "subject": [
        [
            "title",
            "äºŒå‰"
        ]
    ]
}[0m
2021-01-24 13:44:57.137 | INFO     | __main__:decode:171 - [31m[RECEIVE]: [0m[36mäºŒå‰æ ‘æ˜¯ä»€ä¹ˆï¼Ÿ[0m
2021-01-24 13:44:57.228 | INFO     | __main__:decode:173 - [32m[SEND]: [0m[36m{
    "text": "äºŒå‰æ ‘æ˜¯ä»€ä¹ˆï¼Ÿ",
    "predicate": "concept",
    "subject": [
        [
            "title",
            "äºŒå‰æ ‘"
        ]
    ]
}[0m
2021-01-24 13:45:29.409 | INFO     | __main__:decode:171 - [31m[RECEIVE]: [0m[36mä¸ºä»€ä¹ˆå¼•å…¥äºŒå‰æ ‘çš„æ¦‚å¿µ[0m
2021-01-24 13:45:29.495 | INFO     | __main__:decode:173 - [32m[SEND]: [0m[36m{
    "text": "ä¸ºä»€ä¹ˆå¼•å…¥äºŒå‰æ ‘çš„æ¦‚å¿µ",
    "predicate": "reason",
    "subject": [
        [
            "title",
            "äºŒå‰æ ‘"
        ]
    ]
}[0m
2021-01-24 13:45:36.997 | INFO     | __main__:decode:171 - [31m[RECEIVE]: [0m[36mæ€ä¹ˆå®ç°äºŒå‰æ ‘ï¼Ÿ[0m
2021-01-24 13:45:37.080 | INFO     | __main__:decode:173 - [32m[SEND]: [0m[36m{
    "text": "æ€ä¹ˆå®ç°äºŒå‰æ ‘ï¼Ÿ",
    "predicate": "codes",
    "subject": [
        [
            "title",
            "äºŒå‰æ ‘"
        ]
    ]
}[0m
2021-01-24 13:52:51.183 | INFO     | __main__:decode:171 - [31m[RECEIVE]: [0m[36mhello[0m
2021-01-24 13:52:51.260 | INFO     | __main__:decode:173 - [32m[SEND]: [0m[36m{
    "text": "hello",
    "predicate": "reason",
    "subject": [
        [
            "title",
            "he"
        ]
    ]
}[0m
2021-01-24 13:53:12.775 | INFO     | __main__:decode:171 - [31m[RECEIVE]: [0m[36mä½ å¥½å•Š[0m
2021-01-24 13:53:12.852 | INFO     | __main__:decode:173 - [32m[SEND]: [0m[36m{
    "text": "ä½ å¥½å•Š",
    "predicate": "concept",
    "subject": []
}[0m
2021-01-24 13:53:18.778 | INFO     | __main__:decode:171 - [31m[RECEIVE]: [0m[36mä½ ä½ ä½ ä½ ä½ ä½ ï¼[0m
2021-01-24 13:53:18.863 | INFO     | __main__:decode:173 - [32m[SEND]: [0m[36m{
    "text": "ä½ ä½ ä½ ä½ ä½ ä½ ï¼",
    "predicate": "concept",
    "subject": [
        [
            "title",
            "ä½ ä½ ä½ ä½ ä½ "
        ]
    ]
}[0m
2021-01-24 13:53:23.946 | INFO     | __main__:decode:171 - [31m[RECEIVE]: [0m[36må…«å˜å‘€è·¯[0m
2021-01-24 13:53:24.036 | INFO     | __main__:decode:173 - [32m[SEND]: [0m[36m{
    "text": "å…«å˜å‘€è·¯",
    "predicate": "concept",
    "subject": [
        [
            "title",
            "å…«å˜å‘€"
        ]
    ]
}[0m
2021-01-24 13:53:27.865 | INFO     | __main__:decode:171 - [31m[RECEIVE]: [0m[36mconim[0m
2021-01-24 13:53:27.956 | INFO     | __main__:decode:173 - [32m[SEND]: [0m[36m{
    "text": "conim",
    "predicate": "concept",
    "subject": [
        [
            "title",
            "o"
        ]
    ]
}[0m
2021-01-24 13:53:31.936 | INFO     | __main__:decode:171 - [31m[RECEIVE]: [0m[36mmmmmm[0m
2021-01-24 13:53:32.026 | INFO     | __main__:decode:173 - [32m[SEND]: [0m[36m{
    "text": "mmmmm",
    "predicate": "concept",
    "subject": [
        [
            "title",
            "mm"
        ]
    ]
}[0m
2021-01-24 13:53:33.911 | INFO     | __main__:decode:171 - [31m[RECEIVE]: [0m[36mqq[0m
2021-01-24 13:53:34.002 | INFO     | __main__:decode:173 - [32m[SEND]: [0m[36m{
    "text": "qq",
    "predicate": "reason",
    "subject": []
}[0m
2021-01-24 13:53:36.198 | INFO     | __main__:decode:171 - [31m[RECEIVE]: [0m[36msdsadasda[0m
2021-01-24 13:53:36.288 | INFO     | __main__:decode:173 - [32m[SEND]: [0m[36m{
    "text": "sdsadasda",
    "predicate": "concept",
    "subject": []
}[0m
2021-01-24 13:53:38.353 | INFO     | __main__:decode:171 - [31m[RECEIVE]: [0m[36mdsdadfegewwrv[0m
2021-01-24 13:53:38.443 | INFO     | __main__:decode:173 - [32m[SEND]: [0m[36m{
    "text": "dsdadfegewwrv",
    "predicate": "concept",
    "subject": []
}[0m
2021-01-24 13:53:43.022 | INFO     | __main__:decode:171 - [31m[RECEIVE]: [0m[36mbaweqwjiferuighuigbreifbuefbef[0m
2021-01-24 13:53:43.111 | INFO     | __main__:decode:173 - [32m[SEND]: [0m[36m{
    "text": "baweqwjiferuigh",
    "predicate": "concept",
    "subject": []
}[0m
2021-01-24 14:06:52.319 | INFO     | __main__:decode:171 - [31m[RECEIVE]: [0m[36mäºŒå‰æ ‘æ˜¯ä»€ä¹ˆï¼Ÿ[0m
2021-01-24 14:06:52.400 | INFO     | __main__:decode:173 - [32m[SEND]: [0m[36m{
    "text": "äºŒå‰æ ‘æ˜¯ä»€ä¹ˆï¼Ÿ",
    "predicate": "concept",
    "subject": [
        [
            "title",
            "äºŒå‰æ ‘"
        ]
    ]
}[0m
2021-01-24 14:07:11.215 | INFO     | __main__:decode:171 - [31m[RECEIVE]: [0m[36mæ€ä¹ˆå®ç°äºŒå‰æ ‘ï¼Ÿ[0m
2021-01-24 14:07:11.304 | INFO     | __main__:decode:173 - [32m[SEND]: [0m[36m{
    "text": "æ€ä¹ˆå®ç°äºŒå‰æ ‘ï¼Ÿ",
    "predicate": "codes",
    "subject": [
        [
            "title",
            "äºŒå‰æ ‘"
        ]
    ]
}[0m
2021-01-24 14:09:21.569 | INFO     | __main__:decode:171 - [31m[RECEIVE]: [0m[36mæˆ‘æ˜¯å‚»é€¼ï¼[0m
2021-01-24 14:09:21.647 | INFO     | __main__:decode:173 - [32m[SEND]: [0m[36m{
    "text": "æˆ‘æ˜¯å‚»é€¼ï¼",
    "predicate": "concept",
    "subject": [
        [
            "title",
            "å‚»"
        ]
    ]
}[0m
2021-01-24 15:00:11.534 | INFO     | __main__:decode:171 - [31m[RECEIVE]: [0m[36mä»€ä¹ˆæ˜¯äºŒå‰æ ‘ï¼Ÿ[0m
2021-01-24 15:00:11.610 | INFO     | __main__:decode:173 - [32m[SEND]: [0m[36m{
    "text": "ä»€ä¹ˆæ˜¯äºŒå‰æ ‘ï¼Ÿ",
    "predicate": "concept",
    "subject": [
        [
            "title",
            "äºŒ"
        ]
    ]
}[0m
2021-01-24 15:01:01.021 | INFO     | __main__:decode:171 - [31m[RECEIVE]: [0m[36mä»€ä¹ˆæ˜¯äºŒå‰æ ‘ï¼Ÿ[0m
2021-01-24 15:01:01.106 | INFO     | __main__:decode:173 - [32m[SEND]: [0m[36m{
    "text": "ä»€ä¹ˆæ˜¯äºŒå‰æ ‘ï¼Ÿ",
    "predicate": "concept",
    "subject": [
        [
            "title",
            "äºŒ"
        ]
    ]
}[0m
2021-01-24 15:01:14.787 | INFO     | __main__:decode:171 - [31m[RECEIVE]: [0m[36mäºŒå‰æ ‘æ˜¯ä»€ä¹ˆï¼Ÿ[0m
2021-01-24 15:01:14.869 | INFO     | __main__:decode:173 - [32m[SEND]: [0m[36m{
    "text": "äºŒå‰æ ‘æ˜¯ä»€ä¹ˆï¼Ÿ",
    "predicate": "concept",
    "subject": [
        [
            "title",
            "äºŒå‰æ ‘"
        ]
    ]
}[0m
2021-01-24 15:04:47.211 | INFO     | __main__:decode:171 - [31m[RECEIVE]: [0m[36mäºŒå‰æ ‘æ˜¯ä»€ä¹ˆï¼Ÿ[0m
2021-01-24 15:04:47.287 | INFO     | __main__:decode:173 - [32m[SEND]: [0m[36m{
    "text": "äºŒå‰æ ‘æ˜¯ä»€ä¹ˆï¼Ÿ",
    "predicate": "concept",
    "subject": [
        [
            "title",
            "äºŒå‰æ ‘"
        ]
    ]
}[0m
2021-01-24 15:04:59.082 | INFO     | __main__:decode:171 - [31m[RECEIVE]: [0m[36mäºŒå‰æ ‘æ˜¯ä»€ä¹ˆï¼Ÿ[0m
2021-01-24 15:04:59.158 | INFO     | __main__:decode:173 - [32m[SEND]: [0m[36m{
    "text": "äºŒå‰æ ‘æ˜¯ä»€ä¹ˆï¼Ÿ",
    "predicate": "concept",
    "subject": [
        [
            "title",
            "äºŒå‰æ ‘"
        ]
    ]
}[0m
2021-01-24 15:06:57.343 | INFO     | __main__:decode:171 - [31m[RECEIVE]: [0m[36mäºŒå‰æ ‘æ˜¯ä»€ä¹ˆï¼Ÿ[0m
2021-01-24 15:06:57.437 | INFO     | __main__:decode:173 - [32m[SEND]: [0m[36m{
    "text": "äºŒå‰æ ‘æ˜¯ä»€ä¹ˆï¼Ÿ",
    "predicate": "concept",
    "subject": [
        [
            "title",
            "äºŒå‰æ ‘"
        ]
    ]
}[0m
2021-01-24 15:07:27.236 | INFO     | __main__:decode:171 - [31m[RECEIVE]: [0m[36mäºŒå‰æ ‘æ˜¯ä»€ä¹ˆï¼Ÿ[0m
2021-01-24 15:07:27.312 | INFO     | __main__:decode:173 - [32m[SEND]: [0m[36m{
    "text": "äºŒå‰æ ‘æ˜¯ä»€ä¹ˆï¼Ÿ",
    "predicate": "concept",
    "subject": [
        [
            "title",
            "äºŒå‰æ ‘"
        ]
    ]
}[0m
2021-01-24 15:07:34.987 | INFO     | __main__:decode:171 - [31m[RECEIVE]: [0m[36mäºŒå‰æ ‘æ˜¯ä»€ä¹ˆï¼Ÿ[0m
2021-01-24 15:07:35.066 | INFO     | __main__:decode:173 - [32m[SEND]: [0m[36m{
    "text": "äºŒå‰æ ‘æ˜¯ä»€ä¹ˆï¼Ÿ",
    "predicate": "concept",
    "subject": [
        [
            "title",
            "äºŒå‰æ ‘"
        ]
    ]
}[0m
2021-01-24 15:07:55.156 | INFO     | __main__:decode:171 - [31m[RECEIVE]: [0m[36mäºŒå‰æ ‘æ˜¯ä»€ä¹ˆï¼Ÿ[0m
2021-01-24 15:07:55.240 | INFO     | __main__:decode:173 - [32m[SEND]: [0m[36m{
    "text": "äºŒå‰æ ‘æ˜¯ä»€ä¹ˆï¼Ÿ",
    "predicate": "concept",
    "subject": [
        [
            "title",
            "äºŒå‰æ ‘"
        ]
    ]
}[0m
2021-01-24 15:08:09.512 | INFO     | __main__:decode:171 - [31m[RECEIVE]: [0m[36mäºŒå‰æ ‘æ˜¯ä»€ä¹ˆï¼Ÿ[0m
2021-01-24 15:08:09.596 | INFO     | __main__:decode:173 - [32m[SEND]: [0m[36m{
    "text": "äºŒå‰æ ‘æ˜¯ä»€ä¹ˆï¼Ÿ",
    "predicate": "concept",
    "subject": [
        [
            "title",
            "äºŒå‰æ ‘"
        ]
    ]
}[0m
2021-01-24 15:08:18.006 | INFO     | __main__:decode:171 - [31m[RECEIVE]: [0m[36mäºŒå‰æ ‘æ˜¯ä»€ä¹ˆï¼Ÿ[0m
2021-01-24 15:08:18.086 | INFO     | __main__:decode:173 - [32m[SEND]: [0m[36m{
    "text": "äºŒå‰æ ‘æ˜¯ä»€ä¹ˆï¼Ÿ",
    "predicate": "concept",
    "subject": [
        [
            "title",
            "äºŒå‰æ ‘"
        ]
    ]
}[0m
2021-01-24 15:08:36.820 | INFO     | __main__:decode:171 - [31m[RECEIVE]: [0m[36mäºŒå‰æ ‘æ˜¯ä»€ä¹ˆï¼Ÿ[0m
2021-01-24 15:08:36.907 | INFO     | __main__:decode:173 - [32m[SEND]: [0m[36m{
    "text": "äºŒå‰æ ‘æ˜¯ä»€ä¹ˆï¼Ÿ",
    "predicate": "concept",
    "subject": [
        [
            "title",
            "äºŒå‰æ ‘"
        ]
    ]
}[0m
2021-01-24 15:08:44.272 | INFO     | __main__:decode:171 - [31m[RECEIVE]: [0m[36mäºŒï¼Ÿ[0m
2021-01-24 15:08:44.359 | INFO     | __main__:decode:173 - [32m[SEND]: [0m[36m{
    "text": "äºŒï¼Ÿ",
    "predicate": "concept",
    "subject": []
}[0m
2021-01-24 15:08:56.512 | INFO     | __main__:decode:171 - [31m[RECEIVE]: [0m[36mäºŒå‰æ ‘ï¼Ÿ[0m
2021-01-24 15:08:56.597 | INFO     | __main__:decode:173 - [32m[SEND]: [0m[36m{
    "text": "äºŒå‰æ ‘ï¼Ÿ",
    "predicate": "concept",
    "subject": [
        [
            "title",
            "äºŒå‰"
        ]
    ]
}[0m
2021-01-24 15:09:26.558 | INFO     | __main__:decode:171 - [31m[RECEIVE]: [0m[36mäºŒå‰æ ‘ï¼Ÿ[0m
2021-01-24 15:09:26.637 | INFO     | __main__:decode:173 - [32m[SEND]: [0m[36m{
    "text": "äºŒå‰æ ‘ï¼Ÿ",
    "predicate": "concept",
    "subject": [
        [
            "title",
            "äºŒå‰"
        ]
    ]
}[0m
2021-01-24 15:10:04.819 | INFO     | __main__:decode:171 - [31m[RECEIVE]: [0m[36mäºŒå‰æ ‘ï¼Ÿ[0m
2021-01-24 15:10:04.901 | INFO     | __main__:decode:173 - [32m[SEND]: [0m[36m{
    "text": "äºŒå‰æ ‘ï¼Ÿ",
    "predicate": "concept",
    "subject": [
        [
            "title",
            "äºŒå‰"
        ]
    ]
}[0m
2021-01-24 15:10:49.412 | INFO     | __main__:decode:171 - [31m[RECEIVE]: [0m[36mäºŒå‰æ ‘ï¼Ÿ[0m
2021-01-24 15:10:49.494 | INFO     | __main__:decode:173 - [32m[SEND]: [0m[36m{
    "text": "äºŒå‰æ ‘ï¼Ÿ",
    "predicate": "concept",
    "subject": [
        [
            "title",
            "äºŒå‰"
        ]
    ]
}[0m
2021-01-24 15:11:02.818 | INFO     | __main__:decode:171 - [31m[RECEIVE]: [0m[36mäºŒå‰æ ‘ï¼Ÿ[0m
2021-01-24 15:11:02.898 | INFO     | __main__:decode:173 - [32m[SEND]: [0m[36m{
    "text": "äºŒå‰æ ‘ï¼Ÿ",
    "predicate": "concept",
    "subject": [
        [
            "title",
            "äºŒå‰"
        ]
    ]
}[0m
2021-01-24 15:11:20.788 | INFO     | __main__:decode:171 - [31m[RECEIVE]: [0m[36mäºŒå‰æ ‘ï¼Ÿ[0m
2021-01-24 15:11:20.867 | INFO     | __main__:decode:173 - [32m[SEND]: [0m[36m{
    "text": "äºŒå‰æ ‘ï¼Ÿ",
    "predicate": "concept",
    "subject": [
        [
            "title",
            "äºŒå‰"
        ]
    ]
}[0m
2021-01-24 15:11:20.959 | INFO     | __main__:decode:171 - [31m[RECEIVE]: [0m[36mäºŒå‰æ ‘æ˜¯ä»€ä¹ˆï¼Ÿ[0m
2021-01-24 15:11:21.037 | INFO     | __main__:decode:173 - [32m[SEND]: [0m[36m{
    "text": "äºŒå‰æ ‘æ˜¯ä»€ä¹ˆï¼Ÿ",
    "predicate": "concept",
    "subject": [
        [
            "title",
            "äºŒå‰æ ‘"
        ]
    ]
}[0m
2021-01-24 15:17:40.662 | INFO     | __main__:decode:171 - [31m[RECEIVE]: [0m[36mäºŒå‰æ ‘ï¼Ÿ[0m
2021-01-24 15:17:40.738 | INFO     | __main__:decode:173 - [32m[SEND]: [0m[36m{
    "text": "äºŒå‰æ ‘ï¼Ÿ",
    "predicate": "concept",
    "subject": [
        [
            "title",
            "äºŒå‰"
        ]
    ]
}[0m
2021-01-24 15:17:40.827 | INFO     | __main__:decode:171 - [31m[RECEIVE]: [0m[36mäºŒå‰æ ‘æ˜¯ä»€ä¹ˆï¼Ÿ[0m
2021-01-24 15:17:40.904 | INFO     | __main__:decode:173 - [32m[SEND]: [0m[36m{
    "text": "äºŒå‰æ ‘æ˜¯ä»€ä¹ˆï¼Ÿ",
    "predicate": "concept",
    "subject": [
        [
            "title",
            "äºŒå‰æ ‘"
        ]
    ]
}[0m
2021-01-24 15:17:58.808 | INFO     | __main__:decode:171 - [31m[RECEIVE]: [0m[36mæ€ä¹ˆå®ç°çº¿æ€§è¡¨ï¼Ÿ[0m
2021-01-24 15:17:58.887 | INFO     | __main__:decode:173 - [32m[SEND]: [0m[36m{
    "text": "æ€ä¹ˆå®ç°çº¿æ€§è¡¨ï¼Ÿ",
    "predicate": "codes",
    "subject": [
        [
            "title",
            "çº¿æ€§è¡¨"
        ]
    ]
}[0m
2021-01-24 16:26:32.396 | DEBUG    | __main__:log_init:50 - logger initialized
2021-01-24 16:32:29.386 | INFO     | __main__:decode:171 - [31m[RECEIVE]: [0m[36mäºŒå‰æ ‘ï¼Ÿ[0m
2021-01-24 16:32:29.463 | INFO     | __main__:decode:173 - [32m[SEND]: [0m[36m{
    "text": "äºŒå‰æ ‘ï¼Ÿ",
    "predicate": "concept",
    "subject": [
        [
            "title",
            "äºŒå‰"
        ]
    ]
}[0m
2021-01-24 16:32:30.981 | INFO     | __main__:decode:171 - [31m[RECEIVE]: [0m[36mäºŒå‰æ ‘ï¼Ÿ[0m
2021-01-24 16:32:31.059 | INFO     | __main__:decode:173 - [32m[SEND]: [0m[36m{
    "text": "äºŒå‰æ ‘ï¼Ÿ",
    "predicate": "concept",
    "subject": [
        [
            "title",
            "äºŒå‰"
        ]
    ]
}[0m
2021-01-24 16:33:44.715 | INFO     | __main__:decode:171 - [31m[RECEIVE]: [0m[36mäºŒå‰æ ‘ï¼Ÿ[0m
2021-01-24 16:33:44.792 | INFO     | __main__:decode:173 - [32m[SEND]: [0m[36m{
    "text": "äºŒå‰æ ‘ï¼Ÿ",
    "predicate": "concept",
    "subject": [
        [
            "title",
            "äºŒå‰"
        ]
    ]
}[0m
2021-01-24 16:33:44.890 | INFO     | __main__:decode:171 - [31m[RECEIVE]: [0m[36må¦‚ä½•å®ç°äºŒå‰æ ‘ï¼Ÿ[0m
2021-01-24 16:33:44.968 | INFO     | __main__:decode:173 - [32m[SEND]: [0m[36m{
    "text": "å¦‚ä½•å®ç°äºŒå‰æ ‘ï¼Ÿ",
    "predicate": "codes",
    "subject": [
        [
            "title",
            "äºŒå‰æ ‘"
        ]
    ]
}[0m
2021-01-24 16:35:26.185 | INFO     | __main__:decode:171 - [31m[RECEIVE]: [0m[36må¦‚ä½•å®ç°äºŒå‰æ ‘ï¼Ÿ[0m
2021-01-24 16:35:26.261 | INFO     | __main__:decode:173 - [32m[SEND]: [0m[36m{
    "text": "å¦‚ä½•å®ç°äºŒå‰æ ‘ï¼Ÿ",
    "predicate": "codes",
    "subject": [
        [
            "title",
            "äºŒå‰æ ‘"
        ]
    ]
}[0m
2021-01-24 16:36:28.166 | INFO     | __main__:decode:171 - [31m[RECEIVE]: [0m[36må¦‚ä½•å®ç°äºŒå‰æ ‘ï¼Ÿ[0m
2021-01-24 16:36:28.250 | INFO     | __main__:decode:173 - [32m[SEND]: [0m[36m{
    "text": "å¦‚ä½•å®ç°äºŒå‰æ ‘ï¼Ÿ",
    "predicate": "codes",
    "subject": [
        [
            "title",
            "äºŒå‰æ ‘"
        ]
    ]
}[0m
2021-01-24 16:37:14.670 | INFO     | __main__:decode:171 - [31m[RECEIVE]: [0m[36må¦‚ä½•å®ç°äºŒå‰æ ‘ï¼Ÿ[0m
2021-01-24 16:37:14.751 | INFO     | __main__:decode:173 - [32m[SEND]: [0m[36m{
    "text": "å¦‚ä½•å®ç°äºŒå‰æ ‘ï¼Ÿ",
    "predicate": "codes",
    "subject": [
        [
            "title",
            "äºŒå‰æ ‘"
        ]
    ]
}[0m
2021-01-24 16:37:52.059 | INFO     | __main__:decode:171 - [31m[RECEIVE]: [0m[36må¦‚ä½•å®ç°äºŒå‰æ ‘ï¼Ÿ[0m
2021-01-24 16:37:52.151 | INFO     | __main__:decode:173 - [32m[SEND]: [0m[36m{
    "text": "å¦‚ä½•å®ç°äºŒå‰æ ‘ï¼Ÿ",
    "predicate": "codes",
    "subject": [
        [
            "title",
            "äºŒå‰æ ‘"
        ]
    ]
}[0m
2021-01-24 16:38:04.194 | INFO     | __main__:decode:171 - [31m[RECEIVE]: [0m[36må¦‚ä½•å®ç°äºŒå‰æ ‘ï¼Ÿ[0m
2021-01-24 16:38:04.290 | INFO     | __main__:decode:173 - [32m[SEND]: [0m[36m{
    "text": "å¦‚ä½•å®ç°äºŒå‰æ ‘ï¼Ÿ",
    "predicate": "codes",
    "subject": [
        [
            "title",
            "äºŒå‰æ ‘"
        ]
    ]
}[0m
2021-01-24 16:38:17.824 | INFO     | __main__:decode:171 - [31m[RECEIVE]: [0m[36må¦‚ä½•å®ç°äºŒå‰æ ‘ï¼Ÿ[0m
2021-01-24 16:38:17.919 | INFO     | __main__:decode:173 - [32m[SEND]: [0m[36m{
    "text": "å¦‚ä½•å®ç°äºŒå‰æ ‘ï¼Ÿ",
    "predicate": "codes",
    "subject": [
        [
            "title",
            "äºŒå‰æ ‘"
        ]
    ]
}[0m
2021-01-24 16:43:01.867 | INFO     | __main__:decode:171 - [31m[RECEIVE]: [0m[36må¦‚ä½•å®ç°äºŒå‰æ ‘ï¼Ÿ[0m
2021-01-24 16:43:01.942 | INFO     | __main__:decode:173 - [32m[SEND]: [0m[36m{
    "text": "å¦‚ä½•å®ç°äºŒå‰æ ‘ï¼Ÿ",
    "predicate": "codes",
    "subject": [
        [
            "title",
            "äºŒå‰æ ‘"
        ]
    ]
}[0m
2021-01-24 16:47:02.124 | INFO     | __main__:decode:171 - [31m[RECEIVE]: [0m[36msss[0m
2021-01-24 16:47:02.201 | INFO     | __main__:decode:173 - [32m[SEND]: [0m[36m{
    "text": "sss",
    "predicate": "concept",
    "subject": [
        [
            "title",
            "s"
        ]
    ]
}[0m
2021-01-24 16:47:21.261 | INFO     | __main__:decode:171 - [31m[RECEIVE]: [0m[36msss[0m
2021-01-24 16:47:21.349 | INFO     | __main__:decode:173 - [32m[SEND]: [0m[36m{
    "text": "sss",
    "predicate": "concept",
    "subject": [
        [
            "title",
            "s"
        ]
    ]
}[0m
2021-01-24 16:47:31.495 | INFO     | __main__:decode:171 - [31m[RECEIVE]: [0m[36msss[0m
2021-01-24 16:47:31.582 | INFO     | __main__:decode:173 - [32m[SEND]: [0m[36m{
    "text": "sss",
    "predicate": "concept",
    "subject": [
        [
            "title",
            "s"
        ]
    ]
}[0m
2021-01-24 16:48:16.683 | INFO     | __main__:decode:171 - [31m[RECEIVE]: [0m[36mnis[0m
2021-01-24 16:48:16.767 | INFO     | __main__:decode:173 - [32m[SEND]: [0m[36m{
    "text": "nis",
    "predicate": "concept",
    "subject": []
}[0m
2021-01-24 16:48:24.494 | INFO     | __main__:decode:171 - [31m[RECEIVE]: [0m[36mxsx[0m
2021-01-24 16:48:24.588 | INFO     | __main__:decode:173 - [32m[SEND]: [0m[36m{
    "text": "xsx",
    "predicate": "concept",
    "subject": []
}[0m
2021-01-24 16:49:50.008 | INFO     | __main__:decode:171 - [31m[RECEIVE]: [0m[36mcdec[0m
2021-01-24 16:49:50.085 | INFO     | __main__:decode:173 - [32m[SEND]: [0m[36m{
    "text": "cdec",
    "predicate": "concept",
    "subject": []
}[0m
2021-01-24 16:51:21.456 | INFO     | __main__:decode:171 - [31m[RECEIVE]: [0m[36mhyhth[0m
2021-01-24 16:51:21.537 | INFO     | __main__:decode:173 - [32m[SEND]: [0m[36m{
    "text": "hyhth",
    "predicate": "concept",
    "subject": []
}[0m
2021-01-24 16:51:34.517 | INFO     | __main__:decode:171 - [31m[RECEIVE]: [0m[36mhyhyhy[0m
2021-01-24 16:51:34.603 | INFO     | __main__:decode:173 - [32m[SEND]: [0m[36m{
    "text": "hyhyhy",
    "predicate": "concept",
    "subject": []
}[0m
2021-01-24 16:54:00.186 | INFO     | __main__:decode:171 - [31m[RECEIVE]: [0m[36mhhhh[0m
2021-01-24 16:54:00.266 | INFO     | __main__:decode:173 - [32m[SEND]: [0m[36m{
    "text": "hhhh",
    "predicate": "concept",
    "subject": []
}[0m
2021-01-24 16:54:02.722 | INFO     | __main__:decode:171 - [31m[RECEIVE]: [0m[36mhfghgfhf[0m
2021-01-24 16:54:02.807 | INFO     | __main__:decode:173 - [32m[SEND]: [0m[36m{
    "text": "hfghgfhf",
    "predicate": "concept",
    "subject": []
}[0m
2021-01-24 16:54:44.685 | INFO     | __main__:decode:171 - [31m[RECEIVE]: [0m[36mfefe[0m
2021-01-24 16:54:44.765 | INFO     | __main__:decode:173 - [32m[SEND]: [0m[36m{
    "text": "fefe",
    "predicate": "reason",
    "subject": []
}[0m
2021-01-24 16:54:56.052 | INFO     | __main__:decode:171 - [31m[RECEIVE]: [0m[36mä»€ä¹ˆæ˜¯äºŒå‰æ ‘ï¼Ÿ[0m
2021-01-24 16:54:56.134 | INFO     | __main__:decode:173 - [32m[SEND]: [0m[36m{
    "text": "ä»€ä¹ˆæ˜¯äºŒå‰æ ‘ï¼Ÿ",
    "predicate": "concept",
    "subject": [
        [
            "title",
            "äºŒ"
        ]
    ]
}[0m
2021-01-24 16:55:20.950 | INFO     | __main__:decode:171 - [31m[RECEIVE]: [0m[36mäºŒå‰æ ‘æ˜¯ä»€ä¹ˆï¼Ÿ[0m
2021-01-24 16:55:21.042 | INFO     | __main__:decode:173 - [32m[SEND]: [0m[36m{
    "text": "äºŒå‰æ ‘æ˜¯ä»€ä¹ˆï¼Ÿ",
    "predicate": "concept",
    "subject": [
        [
            "title",
            "äºŒå‰æ ‘"
        ]
    ]
}[0m
2021-01-24 16:55:31.501 | INFO     | __main__:decode:171 - [31m[RECEIVE]: [0m[36mæ€ä¹ˆå®ç°äºŒå‰æ ‘ï¼Ÿ[0m
2021-01-24 16:55:31.593 | INFO     | __main__:decode:173 - [32m[SEND]: [0m[36m{
    "text": "æ€ä¹ˆå®ç°äºŒå‰æ ‘ï¼Ÿ",
    "predicate": "codes",
    "subject": [
        [
            "title",
            "äºŒå‰æ ‘"
        ]
    ]
}[0m
2021-01-24 16:55:41.071 | INFO     | __main__:decode:171 - [31m[RECEIVE]: [0m[36mä¸ºä»€ä¹ˆå¼•å…¥äºŒå‰æ ‘ï¼Ÿ[0m
2021-01-24 16:55:41.167 | INFO     | __main__:decode:173 - [32m[SEND]: [0m[36m{
    "text": "ä¸ºä»€ä¹ˆå¼•å…¥äºŒå‰æ ‘ï¼Ÿ",
    "predicate": "reason",
    "subject": [
        [
            "title",
            "äºŒå‰æ ‘"
        ]
    ]
}[0m
2021-01-24 16:57:41.864 | INFO     | __main__:decode:171 - [31m[RECEIVE]: [0m[36mæ€ä¹ˆå®ç°äºŒå‰æ ‘ï¼Ÿ[0m
2021-01-24 16:57:41.940 | INFO     | __main__:decode:173 - [32m[SEND]: [0m[36m{
    "text": "æ€ä¹ˆå®ç°äºŒå‰æ ‘ï¼Ÿ",
    "predicate": "codes",
    "subject": [
        [
            "title",
            "äºŒå‰æ ‘"
        ]
    ]
}[0m
2021-01-24 16:58:12.815 | INFO     | __main__:decode:171 - [31m[RECEIVE]: [0m[36mæ€ä¹ˆå®ç°äºŒå‰æ ‘ï¼Ÿ[0m
2021-01-24 16:58:12.897 | INFO     | __main__:decode:173 - [32m[SEND]: [0m[36m{
    "text": "æ€ä¹ˆå®ç°äºŒå‰æ ‘ï¼Ÿ",
    "predicate": "codes",
    "subject": [
        [
            "title",
            "äºŒå‰æ ‘"
        ]
    ]
}[0m
2021-01-24 16:58:37.914 | INFO     | __main__:decode:171 - [31m[RECEIVE]: [0m[36mæ€ä¹ˆå®ç°äºŒå‰æ ‘ï¼Ÿ[0m
2021-01-24 16:58:38.003 | INFO     | __main__:decode:173 - [32m[SEND]: [0m[36m{
    "text": "æ€ä¹ˆå®ç°äºŒå‰æ ‘ï¼Ÿ",
    "predicate": "codes",
    "subject": [
        [
            "title",
            "äºŒå‰æ ‘"
        ]
    ]
}[0m
2021-01-24 16:58:44.882 | INFO     | __main__:decode:171 - [31m[RECEIVE]: [0m[36mäºŒå‰æ ‘æ˜¯ä»€ä¹ˆï¼Ÿ[0m
2021-01-24 16:58:44.973 | INFO     | __main__:decode:173 - [32m[SEND]: [0m[36m{
    "text": "äºŒå‰æ ‘æ˜¯ä»€ä¹ˆï¼Ÿ",
    "predicate": "concept",
    "subject": [
        [
            "title",
            "äºŒå‰æ ‘"
        ]
    ]
}[0m
2021-01-24 16:58:54.911 | INFO     | __main__:decode:171 - [31m[RECEIVE]: [0m[36mä¸ºä»€ä¹ˆå¼•å…¥äºŒå‰æ ‘ï¼Ÿ[0m
2021-01-24 16:58:54.989 | INFO     | __main__:decode:173 - [32m[SEND]: [0m[36m{
    "text": "ä¸ºä»€ä¹ˆå¼•å…¥äºŒå‰æ ‘ï¼Ÿ",
    "predicate": "reason",
    "subject": [
        [
            "title",
            "äºŒå‰æ ‘"
        ]
    ]
}[0m
2021-01-24 16:59:03.522 | INFO     | __main__:decode:171 - [31m[RECEIVE]: [0m[36mç¨‹åºæ˜¯ä»€ä¹ˆï¼Ÿ[0m
2021-01-24 16:59:03.611 | INFO     | __main__:decode:173 - [32m[SEND]: [0m[36m{
    "text": "ç¨‹åºæ˜¯ä»€ä¹ˆï¼Ÿ",
    "predicate": "concept",
    "subject": [
        [
            "title",
            "ç¨‹åº"
        ]
    ]
}[0m
2021-01-24 17:01:41.594 | INFO     | __main__:decode:171 - [31m[RECEIVE]: [0m[36m.k.kl[0m
2021-01-24 17:01:41.675 | INFO     | __main__:decode:173 - [32m[SEND]: [0m[36m{
    "text": ".k.kl",
    "predicate": "concept",
    "subject": []
}[0m
2021-01-24 17:04:19.433 | DEBUG    | __main__:log_init:50 - logger initialized
2021-01-24 17:06:04.558 | INFO     | __main__:decode:171 - [31m[RECEIVE]: [0m[36m1111[0m
2021-01-24 17:06:04.640 | INFO     | __main__:decode:173 - [32m[SEND]: [0m[36m{
    "text": "1111",
    "predicate": "concept",
    "subject": [
        [
            "title",
            "11"
        ]
    ]
}[0m
