2021-03-06 13:37:05.144 | DEBUG    | __main__:log_init:50 - logger initialized
2021-03-06 13:43:12.711 | INFO     | __main__:decode:171 - [31m[RECEIVE]: [0m[36mС║їтЈЅТаЉ№╝Ъ[0m
2021-03-06 13:43:12.784 | INFO     | __main__:decode:173 - [32m[SEND]: [0m[36m{
    "text": "С║їтЈЅТаЉ№╝Ъ",
    "predicate": "codes",
    "subject": [
        [
            "title",
            "С║їтЈЅТаЉ"
        ]
    ]
}[0m
2021-03-06 13:44:00.925 | INFO     | __main__:decode:171 - [31m[RECEIVE]: [0m[36mТаѕ№╝Ъ[0m
2021-03-06 13:44:00.999 | INFO     | __main__:decode:173 - [32m[SEND]: [0m[36m{
    "text": "Таѕ№╝Ъ",
    "predicate": "codes",
    "subject": [
        [
            "title",
            "Таѕ"
        ]
    ]
}[0m
