2021-01-22 18:08:23.860 | DEBUG    | __main__:log_init:49 - logger initialized
2021-01-22 18:09:51.413 | DEBUG    | __main__:log_init:50 - logger initialized
2021-01-22 18:11:24.411 | INFO     | __main__:decode:211 - [31m[RECEIVE]: [0m[36m大话西游之大圣娶亲是最近刚上的电影吗[0m
2021-01-22 18:11:24.490 | INFO     | __main__:decode:213 - [32m[SEND]: [0m[36m{
    "text": "大话西游之大圣娶亲是最近刚上的",
    "predicate": "演员有谁",
    "subject": [
        {
            "title": "大话西游之月光宝盒"
        }
    ],
    "response": "周星驰，吴孟达，罗家英，蓝洁瑛，莫文蔚，江约诚，陆树铭，刘镇伟，朱茵，李健仁"
}[0m
2021-01-22 18:11:37.772 | INFO     | __main__:decode:211 - [31m[RECEIVE]: [0m[36m大话西游之大圣娶亲是最近刚上的电影吗[0m
2021-01-22 18:11:37.851 | INFO     | __main__:decode:213 - [32m[SEND]: [0m[36m{
    "text": "大话西游之大圣娶亲是最近刚上的",
    "predicate": "演员有谁",
    "subject": [
        {
            "title": "大话西游之月光宝盒"
        }
    ],
    "response": "周星驰，吴孟达，罗家英，蓝洁瑛，莫文蔚，江约诚，陆树铭，刘镇伟，朱茵，李健仁"
}[0m
2021-01-22 18:12:28.465 | INFO     | __main__:decode:211 - [31m[RECEIVE]: [0m[36m西游记是什么？[0m
2021-01-22 18:14:53.198 | INFO     | __main__:decode:211 - [31m[RECEIVE]: [0m[36m我是路人甲的导演什么？[0m
2021-01-22 18:14:53.293 | INFO     | __main__:decode:213 - [32m[SEND]: [0m[36m{
    "text": "我是路人甲的导演什么？",
    "predicate": "演员有谁",
    "subject": [
        {
            "title": "我是路人甲"
        }
    ],
    "response": "万国鹏，王婷，沈凯，徐小琴，林晨，魏星，蒿怡帆，蒿怡菲，覃培军，王昭，张文斌，林俭，耿立树，张喜来，周鹏，寇骏，姜涛，袁咏仪，方中信，刘伟强，冯德伦，吴彦祖，尔冬升，麦兆辉，庄文强，方平，张静初，许鞍华，林更新，蒋梦婕，陆剑明"
}[0m
2021-01-22 18:15:14.700 | INFO     | __main__:decode:211 - [31m[RECEIVE]: [0m[36m我是路人甲的导演什么？[0m
2021-01-22 18:15:14.779 | INFO     | __main__:decode:213 - [32m[SEND]: [0m[36m{
    "text": "我是路人甲的导演什么？",
    "predicate": "演员有谁",
    "subject": [
        {
            "title": "我是路人甲"
        }
    ],
    "response": "万国鹏，王婷，沈凯，徐小琴，林晨，魏星，蒿怡帆，蒿怡菲，覃培军，王昭，张文斌，林俭，耿立树，张喜来，周鹏，寇骏，姜涛，袁咏仪，方中信，刘伟强，冯德伦，吴彦祖，尔冬升，麦兆辉，庄文强，方平，张静初，许鞍华，林更新，蒋梦婕，陆剑明"
}[0m
2021-01-22 18:17:14.653 | INFO     | __main__:decode:211 - [31m[RECEIVE]: [0m[36m我是路人甲的导演什么？[0m
2021-01-22 18:17:14.736 | INFO     | __main__:decode:213 - [32m[SEND]: [0m[36m{
    "text": "我是路人甲的导演什么？",
    "predicate": "演员有谁",
    "subject": [
        {
            "title": "我是路人甲"
        }
    ],
    "response": "万国鹏，王婷，沈凯，徐小琴，林晨，魏星，蒿怡帆，蒿怡菲，覃培军，王昭，张文斌，林俭，耿立树，张喜来，周鹏，寇骏，姜涛，袁咏仪，方中信，刘伟强，冯德伦，吴彦祖，尔冬升，麦兆辉，庄文强，方平，张静初，许鞍华，林更新，蒋梦婕，陆剑明"
}[0m
2021-01-22 18:17:51.206 | INFO     | __main__:decode:211 - [31m[RECEIVE]: [0m[36m我是路人甲的导演什么？[0m
2021-01-22 18:17:51.285 | INFO     | __main__:decode:213 - [32m[SEND]: [0m[36m{
    "text": "我是路人甲的导演什么？",
    "predicate": "演员有谁",
    "subject": [
        {
            "title": "我是路人甲"
        }
    ],
    "response": "万国鹏，王婷，沈凯，徐小琴，林晨，魏星，蒿怡帆，蒿怡菲，覃培军，王昭，张文斌，林俭，耿立树，张喜来，周鹏，寇骏，姜涛，袁咏仪，方中信，刘伟强，冯德伦，吴彦祖，尔冬升，麦兆辉，庄文强，方平，张静初，许鞍华，林更新，蒋梦婕，陆剑明"
}[0m
2021-01-22 18:18:23.343 | INFO     | __main__:decode:211 - [31m[RECEIVE]: [0m[36m西游记的导演什么？[0m
2021-01-22 18:18:56.491 | INFO     | __main__:decode:211 - [31m[RECEIVE]: [0m[36m大圣娶亲的导演什么？[0m
2021-01-22 18:18:56.570 | INFO     | __main__:decode:213 - [32m[SEND]: [0m[36m{
    "text": "大圣娶亲的导演什么？",
    "predicate": "演员有谁",
    "subject": [
        {
            "title": "大话西游之大圣娶亲"
        }
    ],
    "response": "周星驰，吴孟达，朱茵，蔡少芬，蓝洁瑛，莫文蔚，罗家英，刘镇伟，陆树铭，李健仁"
}[0m
2021-01-22 18:22:02.390 | DEBUG    | __main__:log_init:50 - logger initialized
2021-01-22 18:22:48.949 | INFO     | __main__:decode:211 - [31m[RECEIVE]: [0m[36m大圣娶亲和我是路人甲导演什么？[0m
2021-01-22 18:22:49.032 | INFO     | __main__:decode:213 - [32m[SEND]: [0m[36m{
    "text": "大圣娶亲和我是路人甲导演什么？",
    "predicate": "演员有谁",
    "subject": [
        {
            "title": "大话西游之大圣娶亲"
        }
    ],
    "response": "周星驰，吴孟达，朱茵，蔡少芬，蓝洁瑛，莫文蔚，罗家英，刘镇伟，陆树铭，李健仁"
}[0m
2021-01-22 18:23:31.380 | INFO     | __main__:decode:211 - [31m[RECEIVE]: [0m[36m大圣娶亲和导演我是路人甲？[0m
2021-01-22 18:23:31.461 | INFO     | __main__:decode:213 - [32m[SEND]: [0m[36m{
    "text": "大圣娶亲和导演我是路人甲？",
    "predicate": "演员有谁",
    "subject": [
        {
            "title": "大话西游之大圣娶亲"
        }
    ],
    "response": "周星驰，吴孟达，朱茵，蔡少芬，蓝洁瑛，莫文蔚，罗家英，刘镇伟，陆树铭，李健仁"
}[0m
2021-01-22 18:24:11.490 | INFO     | __main__:decode:211 - [31m[RECEIVE]: [0m[36m大圣娶亲和导演我是路人甲？[0m
2021-01-22 18:24:11.569 | INFO     | __main__:decode:213 - [32m[SEND]: [0m[36m{
    "text": "大圣娶亲和导演我是路人甲？",
    "predicate": "演员有谁",
    "subject": [
        {
            "title": "大话西游之大圣娶亲"
        }
    ],
    "response": "周星驰，吴孟达，朱茵，蔡少芬，蓝洁瑛，莫文蔚，罗家英，刘镇伟，陆树铭，李健仁"
}[0m
2021-01-22 18:24:24.009 | INFO     | __main__:decode:211 - [31m[RECEIVE]: [0m[36m大圣娶亲和路人甲？[0m
2021-01-22 18:24:24.088 | INFO     | __main__:decode:213 - [32m[SEND]: [0m[36m{
    "text": "大圣娶亲和路人甲？",
    "predicate": "演员有谁",
    "subject": [
        {
            "title": "大话西游之大圣娶亲"
        }
    ],
    "response": "周星驰，吴孟达，朱茵，蔡少芬，蓝洁瑛，莫文蔚，罗家英，刘镇伟，陆树铭，李健仁"
}[0m
2021-01-22 18:25:07.676 | INFO     | __main__:decode:211 - [31m[RECEIVE]: [0m[36m透明人和梦中见？[0m
2021-01-22 18:25:07.754 | INFO     | __main__:decode:213 - [32m[SEND]: [0m[36m{
    "text": "透明人和梦中见？",
    "predicate": "演员有谁",
    "subject": [
        {
            "title": "透明人"
        }
    ],
    "response": "凯文·贝肯，伊丽莎白·苏，乔什·布洛林，金·迪肯斯，格雷戈·格伦伯格，罗娜·迈特拉"
}[0m
2021-01-22 18:26:03.727 | DEBUG    | __main__:log_init:50 - logger initialized
2021-01-22 18:27:34.542 | INFO     | __main__:decode:211 - [31m[RECEIVE]: [0m[36m透明人和梦中见？[0m
2021-01-22 18:27:34.623 | INFO     | __main__:decode:213 - [32m[SEND]: [0m[36m{
    "text": "透明人和梦中见？",
    "predicate": "演员有谁",
    "subject": [
        {
            "title": "透明人"
        }
    ],
    "response": "凯文·贝肯，伊丽莎白·苏，乔什·布洛林，金·迪肯斯，格雷戈·格伦伯格，罗娜·迈特拉"
}[0m
2021-01-22 18:28:14.484 | INFO     | __main__:decode:211 - [31m[RECEIVE]: [0m[36m透明人和呵呵呵哈哈哈哈啊梦中见？[0m
2021-01-22 18:28:14.562 | INFO     | __main__:decode:213 - [32m[SEND]: [0m[36m{
    "text": "透明人和呵呵呵哈哈哈哈啊梦中见",
    "predicate": "演员有谁",
    "subject": [
        {
            "title": "透明人"
        }
    ],
    "response": "凯文·贝肯，伊丽莎白·苏，乔什·布洛林，金·迪肯斯，格雷戈·格伦伯格，罗娜·迈特拉"
}[0m
2021-01-22 18:32:08.459 | INFO     | __main__:decode:211 - [31m[RECEIVE]: [0m[36m赵晓辉呵呵呵呵呵呵和呵呵呵哈哈哈哈啊吕陆鹏？[0m
2021-01-22 18:43:50.634 | INFO     | __main__:decode:211 - [31m[RECEIVE]: [0m[36m赵晓辉呵呵呵呵呵呵和呵呵呵哈哈哈哈啊吕陆鹏是是是是是什么什么电影和演员？[0m
2021-01-22 18:44:25.873 | INFO     | __main__:decode:211 - [31m[RECEIVE]: [0m[36m我是路人甲和大圣娶亲呵呵呵呵呵呵和呵呵呵哈哈哈哈啊吕陆鹏是是是是是什么什么？[0m
2021-01-22 18:44:25.952 | INFO     | __main__:decode:213 - [32m[SEND]: [0m[36m{
    "text": "我是路人甲和大圣娶亲呵呵呵呵呵",
    "predicate": "演员有谁",
    "subject": [
        {
            "title": "我是路人甲"
        }
    ],
    "response": "万国鹏，王婷，沈凯，徐小琴，林晨，魏星，蒿怡帆，蒿怡菲，覃培军，王昭，张文斌，林俭，耿立树，张喜来，周鹏，寇骏，姜涛，袁咏仪，方中信，刘伟强，冯德伦，吴彦祖，尔冬升，麦兆辉，庄文强，方平，张静初，许鞍华，林更新，蒋梦婕，陆剑明"
}[0m
2021-01-22 18:44:34.162 | INFO     | __main__:decode:211 - [31m[RECEIVE]: [0m[36m我是路人大圣娶亲呵呵呵呵呵呵和呵呵呵哈哈哈哈啊吕陆鹏是是是是是什么什么？[0m
2021-01-22 18:44:34.245 | INFO     | __main__:decode:213 - [32m[SEND]: [0m[36m{
    "text": "我是路人大圣娶亲呵呵呵呵呵呵和",
    "predicate": "演员有谁",
    "subject": [
        {
            "title": "我是路人甲"
        }
    ],
    "response": "万国鹏，王婷，沈凯，徐小琴，林晨，魏星，蒿怡帆，蒿怡菲，覃培军，王昭，张文斌，林俭，耿立树，张喜来，周鹏，寇骏，姜涛，袁咏仪，方中信，刘伟强，冯德伦，吴彦祖，尔冬升，麦兆辉，庄文强，方平，张静初，许鞍华，林更新，蒋梦婕，陆剑明"
}[0m
2021-01-22 18:44:40.590 | INFO     | __main__:decode:211 - [31m[RECEIVE]: [0m[36m我是路大圣娶亲呵呵呵呵呵呵和呵呵呵哈哈哈哈啊吕陆鹏是是是是是什么什么？[0m
2021-01-22 18:44:40.669 | INFO     | __main__:decode:213 - [32m[SEND]: [0m[36m{
    "text": "我是路大圣娶亲呵呵呵呵呵呵和呵",
    "predicate": "演员有谁",
    "subject": [
        {
            "title": "我是"
        }
    ],
    "response": "Piotr Jagielski，Agnieszka Nagórzycka，Edyta Jungowska"
}[0m
2021-01-22 18:44:50.002 | INFO     | __main__:decode:211 - [31m[RECEIVE]: [0m[36m大圣我是路娶亲呵呵呵呵呵呵和呵呵呵哈哈哈哈啊吕陆鹏是是是是是什么什么？[0m
2021-01-22 18:44:50.085 | INFO     | __main__:decode:213 - [32m[SEND]: [0m[36m{
    "text": "大圣我是路娶亲呵呵呵呵呵呵和呵",
    "predicate": "演员有谁",
    "subject": [
        {
            "title": "我是"
        }
    ],
    "response": "Piotr Jagielski，Agnieszka Nagórzycka，Edyta Jungowska"
}[0m
2021-01-22 18:44:56.980 | INFO     | __main__:decode:211 - [31m[RECEIVE]: [0m[36m大圣娶我是路亲呵呵呵呵呵呵和呵呵呵哈哈哈哈啊吕陆鹏是是是是是什么什么？[0m
